2024-09-08 21:50:18 [[32minfo[39m]: MongoDB connection successful
2024-09-09 00:58:04 [[32minfo[39m]: MongoDB connection successful
2024-09-09 00:58:45 [[32minfo[39m]: Deleted Component with ID: 66dc13216850ae1a5bbe481d
2024-09-09 01:00:13 [[32minfo[39m]: Deleted Component with ID: 66ddfc65c68101c67d8abdf0
2024-09-09 01:00:54 [[32minfo[39m]: Deleted Component with ID: 66ddfc65c68101c67d8abdf0
2024-09-09 01:04:16 [[32minfo[39m]: MongoDB connection successful
2024-09-09 01:04:18 [[32minfo[39m]: Deleted TwinTopTitleHeroCard Component with ID: 66ddf8a5e82fad3c31473cc3
2024-09-11 22:38:33 [[32minfo[39m]: MongoDB connection successful
2024-09-11 22:38:49 [[31merror[39m]: Error in insertData:Error: Post not found
2024-09-11 22:39:33 [[32minfo[39m]: Inserted Component
2024-09-11 22:41:31 [[32minfo[39m]: MongoDB connection successful
2024-09-11 22:41:36 [[32minfo[39m]: Inserted Component
2024-09-11 22:45:10 [[32minfo[39m]: MongoDB connection successful
2024-09-11 22:45:29 [[32minfo[39m]: Inserted Component
2024-09-11 22:47:33 [[32minfo[39m]: Inserted Component
2024-09-11 22:49:28 [[32minfo[39m]: MongoDB connection successful
2024-09-11 22:49:36 [[32minfo[39m]: Inserted Component
2024-09-11 22:53:16 [[32minfo[39m]: MongoDB connection successful
2024-09-11 22:53:17 [[32minfo[39m]: Inserted Component
2024-09-11 22:53:53 [[32minfo[39m]: MongoDB connection successful
2024-09-11 22:53:55 [[32minfo[39m]: Inserted Component
2024-09-11 22:56:12 [[32minfo[39m]: MongoDB connection successful
2024-09-11 22:56:14 [[32minfo[39m]: Inserted Component
